SF:lib/model/order.dart
DA:8,0
LF:1
LH:0
end_of_record
SF:lib/repo_mock/employee_repo.dart
DA:2,0
DA:3,0
DA:4,0
DA:9,0
DA:14,0
DA:19,0
DA:24,0
DA:29,0
LF:8
LH:0
end_of_record
SF:lib/repo_mock/order_item_repo.dart
DA:4,0
DA:5,0
DA:6,0
DA:8,0
DA:9,0
DA:10,0
DA:11,0
DA:12,0
DA:13,0
DA:14,0
DA:15,0
DA:17,0
DA:18,0
DA:24,0
DA:25,1
DA:26,1
DA:32,1
DA:38,1
DA:44,1
DA:50,1
DA:56,1
DA:62,1
DA:68,1
DA:74,1
DA:80,1
DA:86,1
DA:92,1
DA:98,1
DA:104,1
DA:110,1
DA:116,1
DA:122,1
DA:128,1
DA:134,1
DA:140,1
DA:146,1
DA:152,1
DA:158,1
DA:164,1
DA:170,1
DA:176,1
DA:182,1
DA:188,1
DA:194,1
DA:200,1
DA:206,1
DA:212,1
DA:218,1
DA:224,1
DA:230,1
DA:236,1
DA:242,1
DA:248,1
DA:254,1
DA:260,1
DA:266,1
DA:272,1
DA:278,1
DA:284,1
DA:290,1
DA:296,1
DA:302,1
DA:308,1
DA:314,1
DA:320,1
DA:326,1
DA:332,1
DA:338,1
DA:344,1
DA:350,1
DA:356,1
DA:362,1
DA:368,1
DA:374,1
DA:380,1
DA:386,1
DA:392,1
DA:398,1
DA:404,1
DA:410,1
DA:416,1
DA:422,1
DA:428,1
DA:434,1
DA:440,1
DA:446,1
DA:452,1
DA:458,1
DA:464,1
DA:470,1
DA:476,1
DA:482,1
DA:488,1
DA:494,1
DA:500,1
DA:506,1
DA:512,1
DA:518,1
DA:524,1
DA:530,1
DA:536,1
DA:542,1
DA:548,1
DA:554,1
DA:560,1
DA:566,1
DA:572,1
DA:578,1
DA:584,1
DA:590,1
DA:596,1
DA:602,1
DA:608,1
DA:614,1
DA:620,1
DA:626,1
DA:632,1
DA:638,1
DA:644,1
DA:650,1
DA:656,1
DA:662,1
DA:668,1
DA:674,1
DA:680,1
DA:686,1
DA:692,1
DA:698,1
DA:704,1
DA:710,1
DA:716,1
DA:722,1
DA:728,1
DA:734,1
DA:740,1
DA:746,1
DA:752,1
DA:758,1
DA:764,1
DA:770,1
DA:776,1
DA:782,1
DA:788,1
DA:794,1
DA:800,1
DA:806,1
DA:812,1
DA:818,1
DA:824,1
DA:830,1
DA:836,1
DA:842,1
DA:848,1
DA:854,1
DA:860,1
DA:866,1
DA:872,1
DA:878,1
DA:884,1
DA:890,1
DA:896,1
DA:902,1
DA:908,1
DA:914,1
DA:920,1
DA:926,1
DA:932,1
DA:938,1
DA:944,1
DA:950,1
DA:956,1
DA:962,1
DA:968,1
DA:974,1
DA:980,1
DA:986,1
DA:992,1
DA:998,1
DA:1004,1
DA:1010,1
DA:1016,1
DA:1022,1
DA:1028,1
DA:1034,1
DA:1040,1
DA:1046,1
DA:1052,1
DA:1058,1
DA:1064,1
DA:1070,1
DA:1076,1
DA:1082,1
DA:1088,1
DA:1094,1
DA:1100,1
DA:1106,1
DA:1112,1
DA:1118,1
DA:1124,1
DA:1130,1
DA:1136,1
DA:1142,1
DA:1148,1
DA:1154,1
DA:1160,1
DA:1166,1
DA:1172,1
DA:1178,1
DA:1184,1
DA:1190,1
DA:1196,1
DA:1202,1
DA:1208,1
DA:1214,1
DA:1220,1
DA:1226,1
DA:1232,1
DA:1238,1
DA:1244,1
DA:1250,1
DA:1256,1
DA:1262,1
DA:1268,1
DA:1274,1
DA:1280,1
DA:1286,1
DA:1292,1
DA:1298,1
DA:1304,1
DA:1310,1
DA:1316,1
DA:1322,1
DA:1328,1
DA:1334,1
DA:1340,1
DA:1346,1
DA:1352,1
DA:1358,1
DA:1364,1
DA:1370,1
DA:1376,1
DA:1382,1
DA:1388,1
DA:1394,1
DA:1400,1
DA:1406,1
DA:1412,1
DA:1418,1
DA:1424,1
DA:1430,1
DA:1436,1
DA:1442,1
DA:1448,1
DA:1454,1
DA:1460,1
DA:1466,1
DA:1472,1
DA:1478,1
DA:1484,1
DA:1490,1
DA:1496,1
DA:1502,1
DA:1508,1
DA:1514,1
DA:1520,1
DA:1526,1
DA:1532,1
DA:1538,1
DA:1544,1
DA:1550,1
DA:1556,1
DA:1562,1
DA:1568,1
DA:1574,1
DA:1580,1
DA:1586,1
DA:1592,1
DA:1598,1
DA:1604,1
DA:1610,1
DA:1616,1
DA:1622,1
DA:1628,1
DA:1634,1
DA:1640,1
DA:1646,1
DA:1652,1
DA:1658,1
DA:1664,1
DA:1670,1
DA:1676,1
DA:1682,1
DA:1688,1
DA:1694,1
DA:1700,1
DA:1706,1
DA:1712,1
DA:1718,1
DA:1724,1
DA:1730,1
DA:1736,1
DA:1742,1
DA:1748,1
DA:1754,1
DA:1760,1
DA:1766,1
DA:1772,1
DA:1778,1
DA:1784,1
DA:1790,1
DA:1796,1
DA:1802,1
DA:1808,1
DA:1814,1
DA:1820,1
DA:1826,1
DA:1832,1
DA:1838,1
DA:1844,1
DA:1850,1
DA:1856,1
DA:1862,1
DA:1868,1
DA:1874,1
DA:1880,1
DA:1886,1
DA:1892,1
DA:1898,1
DA:1904,1
DA:1910,1
DA:1916,1
DA:1922,1
DA:1928,1
DA:1934,1
DA:1940,1
DA:1946,1
DA:1952,1
DA:1958,1
DA:1964,1
DA:1970,1
DA:1976,1
DA:1982,1
DA:1988,1
DA:1994,1
DA:2000,1
DA:2006,1
DA:2012,1
DA:2018,1
DA:2024,1
DA:2030,1
DA:2036,1
DA:2042,1
DA:2048,1
DA:2054,1
DA:2060,1
DA:2066,1
DA:2072,1
DA:2078,1
DA:2084,1
DA:2090,1
DA:2096,1
DA:2102,1
DA:2108,1
DA:2114,1
DA:2120,1
DA:2126,1
DA:2132,1
DA:2138,1
DA:2144,1
DA:2150,1
DA:2156,1
DA:2162,1
DA:2168,1
DA:2174,1
DA:2180,1
DA:2186,1
DA:2192,1
DA:2198,1
DA:2204,1
DA:2210,1
DA:2216,1
DA:2222,1
DA:2228,1
DA:2234,1
DA:2240,1
DA:2246,1
DA:2252,1
DA:2258,1
DA:2264,1
DA:2270,1
DA:2276,1
DA:2282,1
DA:2288,1
DA:2294,1
DA:2300,1
DA:2306,1
DA:2312,1
DA:2318,1
DA:2324,1
DA:2330,1
DA:2336,1
DA:2342,1
DA:2348,1
DA:2354,1
DA:2360,1
DA:2366,1
DA:2372,1
DA:2378,1
DA:2384,1
DA:2390,1
DA:2396,1
DA:2402,1
DA:2408,1
DA:2414,1
DA:2420,1
DA:2426,1
DA:2432,1
DA:2438,1
DA:2444,1
DA:2450,1
DA:2456,1
DA:2462,1
DA:2468,1
DA:2474,1
DA:2480,1
DA:2486,1
DA:2492,1
DA:2498,1
DA:2504,1
DA:2510,1
DA:2516,1
DA:2522,1
DA:2528,1
DA:2534,1
DA:2540,1
DA:2546,1
DA:2552,1
DA:2558,1
DA:2564,1
DA:2570,1
DA:2576,1
DA:2582,1
DA:2588,1
DA:2594,1
DA:2600,1
DA:2606,1
DA:2612,1
DA:2618,1
DA:2624,1
DA:2630,1
DA:2636,1
DA:2642,1
DA:2648,1
DA:2654,1
DA:2660,1
DA:2666,1
DA:2672,1
DA:2678,1
DA:2684,1
DA:2690,1
DA:2696,1
DA:2702,1
DA:2708,1
DA:2714,1
DA:2720,1
DA:2726,1
DA:2732,1
DA:2738,1
DA:2744,1
DA:2750,1
DA:2756,1
DA:2762,1
DA:2768,1
DA:2774,1
DA:2780,1
DA:2786,1
DA:2792,1
DA:2798,1
DA:2804,1
DA:2810,1
DA:2816,1
DA:2822,1
DA:2828,1
DA:2834,1
DA:2840,1
DA:2846,1
DA:2852,1
DA:2858,1
DA:2864,1
DA:2870,1
DA:2876,1
DA:2882,1
DA:2888,1
DA:2894,1
DA:2900,1
DA:2906,1
DA:2912,1
DA:2918,1
DA:2924,1
DA:2930,1
DA:2936,1
DA:2942,1
DA:2948,1
DA:2954,1
DA:2960,1
DA:2966,1
DA:2972,1
DA:2978,1
DA:2984,1
DA:2990,1
DA:2996,1
DA:3002,1
DA:3008,1
DA:3014,1
DA:3020,1
DA:3026,1
DA:3032,1
DA:3038,1
DA:3044,1
DA:3050,1
DA:3056,1
DA:3062,1
DA:3068,1
DA:3074,1
DA:3080,1
DA:3086,1
DA:3092,1
DA:3098,1
DA:3104,1
DA:3110,1
DA:3116,1
DA:3122,1
DA:3128,1
DA:3134,1
DA:3140,1
DA:3146,1
DA:3152,1
DA:3158,1
DA:3164,1
DA:3170,1
DA:3176,1
DA:3182,1
DA:3188,1
DA:3194,1
DA:3200,1
DA:3206,1
DA:3212,1
DA:3218,1
DA:3224,1
DA:3230,1
DA:3236,1
DA:3242,1
DA:3248,1
DA:3254,1
DA:3260,1
DA:3266,1
DA:3272,1
DA:3278,1
DA:3284,1
DA:3290,1
DA:3296,1
DA:3302,1
DA:3308,1
DA:3314,1
DA:3320,1
DA:3326,1
DA:3332,1
DA:3338,1
DA:3344,1
DA:3350,1
DA:3356,1
DA:3362,1
DA:3368,1
DA:3374,1
DA:3380,1
DA:3386,1
DA:3392,1
DA:3398,1
DA:3404,1
DA:3410,1
DA:3416,1
DA:3422,1
DA:3428,1
DA:3434,1
DA:3440,1
DA:3446,1
DA:3452,1
DA:3458,1
DA:3464,1
DA:3470,1
DA:3476,1
DA:3482,1
DA:3488,1
DA:3494,1
DA:3500,1
DA:3506,1
DA:3512,1
DA:3518,1
DA:3524,1
DA:3530,1
DA:3536,1
DA:3542,1
DA:3548,1
DA:3554,1
DA:3560,1
DA:3566,1
DA:3572,1
DA:3578,1
DA:3584,1
DA:3590,1
DA:3596,1
DA:3602,1
DA:3608,1
DA:3614,1
DA:3620,1
DA:3626,1
DA:3632,1
DA:3638,1
LF:618
LH:604
end_of_record
SF:lib/repo_mock/order_repo.dart
DA:6,0
DA:7,0
DA:8,0
DA:10,0
DA:12,0
DA:14,0
DA:16,0
DA:17,0
DA:19,0
DA:21,0
DA:24,0
DA:25,0
DA:27,0
DA:29,0
DA:30,0
DA:35,0
DA:42,1
DA:43,1
DA:44,1
DA:51,1
DA:58,1
DA:65,1
DA:72,1
DA:79,1
DA:86,1
DA:93,1
DA:100,1
DA:107,1
DA:114,1
DA:121,1
DA:128,1
DA:135,1
DA:142,1
DA:149,1
DA:156,1
DA:163,1
DA:170,1
DA:177,1
DA:184,1
DA:191,1
DA:198,1
DA:205,1
DA:212,1
DA:219,1
DA:226,1
DA:233,1
DA:240,1
DA:247,1
DA:254,1
DA:261,1
DA:268,1
DA:275,1
DA:282,1
DA:289,1
DA:296,1
DA:303,1
DA:310,1
DA:317,1
DA:324,1
DA:331,1
DA:338,1
DA:345,1
DA:352,1
DA:359,1
DA:366,1
DA:373,1
DA:380,1
DA:387,1
DA:394,1
DA:401,1
DA:408,1
DA:415,1
DA:422,1
DA:429,1
DA:436,1
DA:443,1
DA:450,1
DA:457,1
DA:464,1
DA:471,1
DA:478,1
DA:485,1
DA:492,1
DA:499,1
DA:506,1
DA:513,1
DA:520,1
DA:527,1
DA:534,1
DA:541,1
DA:548,1
DA:555,1
DA:562,1
DA:569,1
DA:576,1
DA:583,1
DA:590,1
DA:597,1
DA:604,1
DA:611,1
DA:618,1
DA:625,1
DA:632,1
DA:639,1
DA:646,1
DA:653,1
DA:660,1
DA:667,1
DA:674,1
DA:681,1
DA:688,1
DA:695,1
DA:702,1
DA:709,1
DA:716,1
DA:723,1
DA:730,1
DA:737,1
LF:118
LH:102
end_of_record
SF:lib/repo_mock/product_repo.dart
DA:2,2
DA:3,2
DA:4,2
DA:11,2
DA:18,2
DA:25,2
DA:32,2
DA:39,2
DA:46,2
DA:53,2
DA:60,2
DA:67,2
DA:74,2
DA:81,2
DA:88,2
DA:95,2
DA:102,2
DA:109,2
DA:116,2
DA:123,2
DA:130,2
DA:137,2
DA:144,2
DA:151,2
DA:158,2
DA:165,2
DA:172,2
DA:179,2
LF:28
LH:28
end_of_record
SF:lib/repo_mock/table_repo.dart
DA:2,0
DA:3,0
DA:4,0
DA:8,0
DA:12,0
DA:16,0
DA:20,0
DA:24,0
DA:28,0
DA:32,0
LF:10
LH:0
end_of_record
SF:lib/services/example_service.dart
DA:5,1
DA:7,2
DA:8,1
DA:11,1
DA:14,2
DA:17,2
LF:6
LH:6
end_of_record
SF:lib/services/product_service.dart
DA:4,1
DA:5,1
DA:6,1
DA:7,2
DA:8,3
DA:15,1
DA:16,1
DA:18,2
DA:19,2
DA:20,1
DA:27,1
DA:28,1
DA:30,2
DA:31,2
DA:32,1
DA:38,1
DA:39,1
DA:41,2
DA:42,4
DA:43,1
DA:50,1
DA:51,1
DA:53,2
DA:54,2
DA:55,1
DA:61,1
DA:62,1
DA:64,2
DA:65,2
DA:66,1
DA:72,1
DA:73,1
DA:74,2
DA:75,3
LF:34
LH:34
end_of_record
